<?xml version="1.0" encoding="UTF-8" ?>
<testsuite tests="1" failures="0" name="tutorial.core.repositories.AccountRepoTest" time="4.038" errors="1" skipped="0">
  <properties>
[...]
</properties>
  <testcase classname="tutorial.core.repositories.AccountRepoTest" name="testFind" time="3.726">
    <error message="org.hibernate.exception.SQLGrammarException: could not prepare statement" type="javax.persistence.PersistenceException">javax.persistence.PersistenceException: org.hibernate.exception.SQLGrammarException: could not prepare statement
	at org.hibernate.jpa.spi.AbstractEntityManagerImpl.convert(AbstractEntityManagerImpl.java:1763)
	at org.hibernate.jpa.spi.AbstractEntityManagerImpl.convert(AbstractEntityManagerImpl.java:1677)
	at org.hibernate.jpa.spi.AbstractEntityManagerImpl.convert(AbstractEntityManagerImpl.java:1683)
	at org.hibernate.jpa.spi.AbstractEntityManagerImpl.persist(AbstractEntityManagerImpl.java:1187)
	at sun.reflect.NativeMethodAccessorImpl.invoke0(Native Method)
	at sun.reflect.NativeMethodAccessorImpl.invoke(NativeMethodAccessorImpl.java:62)
	at sun.reflect.DelegatingMethodAccessorImpl.invoke(DelegatingMethodAccessorImpl.java:43)
	at java.lang.reflect.Method.invoke(Method.java:497)
	at org.springframework.orm.jpa.SharedEntityManagerCreator$SharedEntityManagerInvocationHandler.invoke(SharedEntityManagerCreator.java:262)
	at com.sun.proxy.$Proxy24.persist(Unknown Source)
	at tutorial.core.repositories.jpa.JpaAccountRepo.createAccount(JpaAccountRepo.java:49)
	at tutorial.core.repositories.AccountRepoTest.setup(AccountRepoTest.java:36)
	at sun.reflect.NativeMethodAccessorImpl.invoke0(Native Method)
	at sun.reflect.NativeMethodAccessorImpl.invoke(NativeMethodAccessorImpl.java:62)
	at sun.reflect.DelegatingMethodAccessorImpl.invoke(DelegatingMethodAccessorImpl.java:43)
	at java.lang.reflect.Method.invoke(Method.java:497)
	at org.junit.runners.model.FrameworkMethod$1.runReflectiveCall(FrameworkMethod.java:47)
	at org.junit.internal.runners.model.ReflectiveCallable.run(ReflectiveCallable.java:12)
	at org.junit.runners.model.FrameworkMethod.invokeExplosively(FrameworkMethod.java:44)
	at org.junit.internal.runners.statements.RunBefores.evaluate(RunBefores.java:24)
	at org.springframework.test.context.junit4.statements.RunBeforeTestMethodCallbacks.evaluate(RunBeforeTestMethodCallbacks.java:74)
	at org.springframework.test.context.junit4.statements.RunAfterTestMethodCallbacks.evaluate(RunAfterTestMethodCallbacks.java:83)
	at org.springframework.test.context.junit4.statements.SpringRepeat.evaluate(SpringRepeat.java:72)
	at org.springframework.test.context.junit4.SpringJUnit4ClassRunner.runChild(SpringJUnit4ClassRunner.java:233)
	at org.springframework.test.context.junit4.SpringJUnit4ClassRunner.runChild(SpringJUnit4ClassRunner.java:87)
	at org.junit.runners.ParentRunner$3.run(ParentRunner.java:238)
	at org.junit.runners.ParentRunner$1.schedule(ParentRunner.java:63)
	at org.junit.runners.ParentRunner.runChildren(ParentRunner.java:236)
	at org.junit.runners.ParentRunner.access$000(ParentRunner.java:53)
	at org.junit.runners.ParentRunner$2.evaluate(ParentRunner.java:229)
	at org.springframework.test.context.junit4.statements.RunBeforeTestClassCallbacks.evaluate(RunBeforeTestClassCallbacks.java:61)
	at org.springframework.test.context.junit4.statements.RunAfterTestClassCallbacks.evaluate(RunAfterTestClassCallbacks.java:71)
	at org.junit.runners.ParentRunner.run(ParentRunner.java:309)
	at org.springframework.test.context.junit4.SpringJUnit4ClassRunner.run(SpringJUnit4ClassRunner.java:176)
	at org.apache.maven.surefire.junit4.JUnit4TestSet.execute(JUnit4TestSet.java:53)
	at org.apache.maven.surefire.junit4.JUnit4Provider.executeTestSet(JUnit4Provider.java:123)
	at org.apache.maven.surefire.junit4.JUnit4Provider.invoke(JUnit4Provider.java:104)
	at sun.reflect.NativeMethodAccessorImpl.invoke0(Native Method)
	at sun.reflect.NativeMethodAccessorImpl.invoke(NativeMethodAccessorImpl.java:62)
	at sun.reflect.DelegatingMethodAccessorImpl.invoke(DelegatingMethodAccessorImpl.java:43)
	at java.lang.reflect.Method.invoke(Method.java:497)
	at org.apache.maven.surefire.util.ReflectionUtils.invokeMethodWithArray(ReflectionUtils.java:164)
	at org.apache.maven.surefire.booter.ProviderFactory$ProviderProxy.invoke(ProviderFactory.java:110)
	at org.apache.maven.surefire.booter.SurefireStarter.invokeProvider(SurefireStarter.java:175)
	at org.apache.maven.surefire.booter.SurefireStarter.runSuitesInProcessWhenForked(SurefireStarter.java:107)
	at org.apache.maven.surefire.booter.ForkedBooter.main(ForkedBooter.java:68)
Caused by: org.hibernate.exception.SQLGrammarException: could not prepare statement
	at org.hibernate.exception.internal.SQLStateConversionDelegate.convert(SQLStateConversionDelegate.java:123)
	at org.hibernate.exception.internal.StandardSQLExceptionConverter.convert(StandardSQLExceptionConverter.java:49)
	at org.hibernate.engine.jdbc.spi.SqlExceptionHelper.convert(SqlExceptionHelper.java:126)
	at org.hibernate.engine.jdbc.internal.StatementPreparerImpl$StatementPreparationTemplate.prepareStatement(StatementPreparerImpl.java:196)
	at org.hibernate.engine.jdbc.internal.StatementPreparerImpl.prepareStatement(StatementPreparerImpl.java:122)
	at org.hibernate.id.IdentityGenerator$GetGeneratedKeysDelegate.prepare(IdentityGenerator.java:89)
	at org.hibernate.id.insert.AbstractReturningDelegate.performInsert(AbstractReturningDelegate.java:55)
	at org.hibernate.persister.entity.AbstractEntityPersister.insert(AbstractEntityPersister.java:3032)
	at org.hibernate.persister.entity.AbstractEntityPersister.insert(AbstractEntityPersister.java:3558)
	at org.hibernate.action.internal.EntityIdentityInsertAction.execute(EntityIdentityInsertAction.java:98)
	at org.hibernate.engine.spi.ActionQueue.execute(ActionQueue.java:490)
	at org.hibernate.engine.spi.ActionQueue.addResolvedEntityInsertAction(ActionQueue.java:195)
	at org.hibernate.engine.spi.ActionQueue.addInsertAction(ActionQueue.java:179)
	at org.hibernate.engine.spi.ActionQueue.addAction(ActionQueue.java:214)
	at org.hibernate.event.internal.AbstractSaveEventListener.addInsertAction(AbstractSaveEventListener.java:324)
	at org.hibernate.event.internal.AbstractSaveEventListener.performSaveOrReplicate(AbstractSaveEventListener.java:288)
	at org.hibernate.event.internal.AbstractSaveEventListener.performSave(AbstractSaveEventListener.java:194)
	at org.hibernate.event.internal.AbstractSaveEventListener.saveWithGeneratedId(AbstractSaveEventListener.java:125)
	at org.hibernate.jpa.event.internal.core.JpaPersistEventListener.saveWithGeneratedId(JpaPersistEventListener.java:84)
	at org.hibernate.event.internal.DefaultPersistEventListener.entityIsTransient(DefaultPersistEventListener.java:206)
	at org.hibernate.event.internal.DefaultPersistEventListener.onPersist(DefaultPersistEventListener.java:149)
	at org.hibernate.event.internal.DefaultPersistEventListener.onPersist(DefaultPersistEventListener.java:75)
	at org.hibernate.internal.SessionImpl.firePersist(SessionImpl.java:811)
	at org.hibernate.internal.SessionImpl.persist(SessionImpl.java:784)
	at org.hibernate.internal.SessionImpl.persist(SessionImpl.java:789)
	at org.hibernate.jpa.spi.AbstractEntityManagerImpl.persist(AbstractEntityManagerImpl.java:1181)
	... 42 more
Caused by: org.h2.jdbc.JdbcSQLException: Table &quot;ACCOUNT&quot; not found; SQL statement:
insert into Account (id, name, password) values (null, ?, ?) [42102-179]
	at org.h2.message.DbException.getJdbcSQLException(DbException.java:345)
	at org.h2.message.DbException.get(DbException.java:179)
	at org.h2.message.DbException.get(DbException.java:155)
	at org.h2.command.Parser.readTableOrView(Parser.java:5212)
	at org.h2.command.Parser.readTableOrView(Parser.java:5189)
	at org.h2.command.Parser.parseInsert(Parser.java:1023)
	at org.h2.command.Parser.parsePrepared(Parser.java:401)
	at org.h2.command.Parser.parse(Parser.java:305)
	at org.h2.command.Parser.parse(Parser.java:277)
	at org.h2.command.Parser.prepareCommand(Parser.java:242)
	at org.h2.engine.Session.prepareLocal(Session.java:441)
	at org.h2.engine.Session.prepareCommand(Session.java:383)
	at org.h2.jdbc.JdbcConnection.prepareCommand(JdbcConnection.java:1188)
	at org.h2.jdbc.JdbcPreparedStatement.&lt;init&gt;(JdbcPreparedStatement.java:72)
	at org.h2.jdbc.JdbcConnection.prepareStatement(JdbcConnection.java:276)
	at org.h2.jdbc.JdbcConnection.prepareStatement(JdbcConnection.java:1122)
	at org.apache.commons.dbcp2.DelegatingConnection.prepareStatement(DelegatingConnection.java:772)
	at org.apache.commons.dbcp2.DelegatingConnection.prepareStatement(DelegatingConnection.java:772)
	at org.hibernate.engine.jdbc.internal.StatementPreparerImpl$2.doPrepare(StatementPreparerImpl.java:124)
	at org.hibernate.engine.jdbc.internal.StatementPreparerImpl$StatementPreparationTemplate.prepareStatement(StatementPreparerImpl.java:186)
	... 64 more
</error>
    <system-err>Oct 15, 2015 1:47:41 AM org.springframework.beans.factory.xml.XmlBeanDefinitionReader loadBeanDefinitions
INFO: Loading XML bean definitions from class path resource [spring/business-config.xml]
Oct 15, 2015 1:47:41 AM org.springframework.context.support.GenericApplicationContext prepareRefresh
INFO: Refreshing org.springframework.context.support.GenericApplicationContext@337d0578: startup date [Thu Oct 15 01:47:41 EDT 2015]; root of context hierarchy
Oct 15, 2015 1:47:42 AM org.springframework.orm.jpa.LocalContainerEntityManagerFactoryBean createNativeEntityManagerFactory
INFO: Building JPA container EntityManagerFactory for persistence unit &apos;default&apos;
Oct 15, 2015 1:47:42 AM org.hibernate.jpa.internal.util.LogHelper logPersistenceUnitInformation
INFO: HHH000204: Processing PersistenceUnitInfo [
	name: default
	...]
Oct 15, 2015 1:47:42 AM org.hibernate.Version logVersion
INFO: HHH000412: Hibernate Core {4.3.5.Final}
Oct 15, 2015 1:47:42 AM org.hibernate.cfg.Environment &lt;clinit&gt;
INFO: HHH000206: hibernate.properties not found
Oct 15, 2015 1:47:42 AM org.hibernate.cfg.Environment buildBytecodeProvider
INFO: HHH000021: Bytecode provider name : javassist
Oct 15, 2015 1:47:42 AM org.hibernate.annotations.common.reflection.java.JavaReflectionManager &lt;clinit&gt;
INFO: HCANN000001: Hibernate Commons Annotations {4.0.4.Final}
Oct 15, 2015 1:47:43 AM org.hibernate.dialect.Dialect &lt;init&gt;
INFO: HHH000400: Using dialect: org.hibernate.dialect.H2Dialect
Oct 15, 2015 1:47:43 AM org.hibernate.hql.internal.ast.ASTQueryTranslatorFactory &lt;init&gt;
INFO: HHH000397: Using ASTQueryTranslatorFactory
Oct 15, 2015 1:47:44 AM org.springframework.test.context.transaction.TransactionalTestExecutionListener startNewTransaction
INFO: Began transaction (1) for test context [DefaultTestContext@74fef3f7 testClass = AccountRepoTest, testInstance = tutorial.core.repositories.AccountRepoTest@2a037324, testMethod = testFind@AccountRepoTest, testException = [null], mergedContextConfiguration = [MergedContextConfiguration@69eb86b4 testClass = AccountRepoTest, locations = &apos;{classpath:spring/business-config.xml}&apos;, classes = &apos;{}&apos;, contextInitializerClasses = &apos;[]&apos;, activeProfiles = &apos;{}&apos;, contextLoader = &apos;org.springframework.test.context.support.DelegatingSmartContextLoader&apos;, parent = [null]]]; transaction manager [org.springframework.orm.jpa.JpaTransactionManager@585ac855]; rollback [true]
Oct 15, 2015 1:47:44 AM org.hibernate.engine.jdbc.spi.SqlExceptionHelper logExceptions
WARN: SQL Error: 42102, SQLState: 42S02
Oct 15, 2015 1:47:44 AM org.hibernate.engine.jdbc.spi.SqlExceptionHelper logExceptions
ERROR: Table &quot;ACCOUNT&quot; not found; SQL statement:
insert into Account (id, name, password) values (null, ?, ?) [42102-179]
Oct 15, 2015 1:47:44 AM org.springframework.test.context.transaction.TransactionalTestExecutionListener endTransaction
INFO: Rolled back transaction after test execution for test context [DefaultTestContext@74fef3f7 testClass = AccountRepoTest, testInstance = tutorial.core.repositories.AccountRepoTest@2a037324, testMethod = testFind@AccountRepoTest, testException = javax.persistence.PersistenceException: org.hibernate.exception.SQLGrammarException: could not prepare statement, mergedContextConfiguration = [MergedContextConfiguration@69eb86b4 testClass = AccountRepoTest, locations = &apos;{classpath:spring/business-config.xml}&apos;, classes = &apos;{}&apos;, contextInitializerClasses = &apos;[]&apos;, activeProfiles = &apos;{}&apos;, contextLoader = &apos;org.springframework.test.context.support.DelegatingSmartContextLoader&apos;, parent = [null]]]
</system-err>
  </testcase>
</testsuite>